

================================================================
== Vivado HLS Report for 'check_formula'
================================================================
* Date:           Wed May  4 10:32:58 2022

* Version:        2020.1 (Build 2897737 on Wed May 27 20:21:37 MDT 2020)
* Project:        MS_decode_256_128
* Solution:       s5_update_resource_dependence
* Product family: kintex7
* Target device:  xc7k325t-ffg900-2


================================================================
== Performance Estimates
================================================================
+ Timing: 
    * Summary: 
    +--------+----------+----------+------------+
    |  Clock |  Target  | Estimated| Uncertainty|
    +--------+----------+----------+------------+
    |ap_clk  | 10.00 ns | 7.418 ns |   1.25 ns  |
    +--------+----------+----------+------------+

+ Latency: 
    * Summary: 
    +---------+---------+----------+----------+-------+-------+---------------------------------------------+
    |  Latency (cycles) |  Latency (absolute) |    Interval   |                   Pipeline                  |
    |   min   |   max   |    min   |    max   |  min  |  max  |                     Type                    |
    +---------+---------+----------+----------+-------+-------+---------------------------------------------+
    |    32768|    32769| 0.328 ms | 0.328 ms |  32768|  32768| loop rewind(delay=0 initiation interval(s)) |
    +---------+---------+----------+----------+-------+-------+---------------------------------------------+

    + Detail: 
        * Instance: 
        N/A

        * Loop: 
        +-------------------------------+---------+---------+----------+-----------+-----------+-------+----------+
        |                               |  Latency (cycles) | Iteration|  Initiation Interval  |  Trip |          |
        |           Loop Name           |   min   |   max   |  Latency |  achieved |   target  | Count | Pipelined|
        +-------------------------------+---------+---------+----------+-----------+-----------+-------+----------+
        |- LOOP_formula1_LOOP_formula2  |    32768|    32768|         2|          1|          1|  32768|    yes   |
        +-------------------------------+---------+---------+----------+-----------+-----------+-------+----------+



================================================================
== Utilization Estimates
================================================================
* Summary: 
+-----------------+---------+-------+--------+--------+-----+
|       Name      | BRAM_18K| DSP48E|   FF   |   LUT  | URAM|
+-----------------+---------+-------+--------+--------+-----+
|DSP              |        -|      -|       -|       -|    -|
|Expression       |        -|      -|       0|     219|    -|
|FIFO             |        -|      -|       -|       -|    -|
|Instance         |        -|      -|       -|       -|    -|
|Memory           |        -|      -|       -|       -|    -|
|Multiplexer      |        -|      -|       -|     163|    -|
|Register         |        -|      -|      94|       -|    -|
+-----------------+---------+-------+--------+--------+-----+
|Total            |        0|      0|      94|     382|    0|
+-----------------+---------+-------+--------+--------+-----+
|Available        |      890|    840|  407600|  203800|    0|
+-----------------+---------+-------+--------+--------+-----+
|Utilization (%)  |        0|      0|   ~0   |   ~0   |    0|
+-----------------+---------+-------+--------+--------+-----+

+ Detail: 
    * Instance: 
    N/A

    * DSP48E: 
    N/A

    * Memory: 
    N/A

    * FIFO: 
    N/A

    * Expression: 
    +-------------------------+----------+-------+---+----+------------+------------+
    |      Variable Name      | Operation| DSP48E| FF| LUT| Bitwidth P0| Bitwidth P1|
    +-------------------------+----------+-------+---+----+------------+------------+
    |add_ln127_fu_260_p2      |     +    |      0|  0|  22|          15|           1|
    |add_ln131_fu_243_p2      |     +    |      0|  0|  24|          17|          17|
    |i_fu_266_p2              |     +    |      0|  0|  16|           9|           1|
    |j_fu_200_p2              |     +    |      0|  0|  15|           8|           1|
    |s_sum_V_fu_353_p2        |     +    |      0|  0|  18|           1|          11|
    |temp_V_fu_294_p2         |     +    |      0|  0|  18|          11|          11|
    |sub_ln1372_fu_325_p2     |     -    |      0|  0|  10|           1|           2|
    |and_ln68_fu_284_p2       |    and   |      0|  0|   2|           1|           1|
    |ap_condition_103         |    and   |      0|  0|   2|           1|           1|
    |icmp_ln127_fu_278_p2     |   icmp   |      0|  0|  13|          15|           2|
    |icmp_ln129_fu_272_p2     |   icmp   |      0|  0|  13|           9|          10|
    |icmp_ln132_fu_254_p2     |   icmp   |      0|  0|  13|           9|           8|
    |icmp_ln879_1_fu_347_p2   |   icmp   |      0|  0|   8|           2|           1|
    |icmp_ln879_fu_368_p2     |   icmp   |      0|  0|  13|          11|           8|
    |select_ln127_fu_214_p3   |  select  |      0|  0|   8|           1|           8|
    |select_ln129_fu_206_p3   |  select  |      0|  0|   9|           1|           1|
    |select_ln133_fu_359_p3   |  select  |      0|  0|  11|           1|          11|
    |select_ln1372_fu_339_p3  |  select  |      0|  0|   2|           1|           2|
    |ap_enable_pp0            |    xor   |      0|  0|   2|           1|           2|
    +-------------------------+----------+-------+---+----+------------+------------+
    |Total                    |          |      0|  0| 219|         115|          99|
    +-------------------------+----------+-------+---+----+------------+------------+

    * Multiplexer: 
    +------------------------------------------+----+-----------+-----+-----------+
    |                   Name                   | LUT| Input Size| Bits| Total Bits|
    +------------------------------------------+----+-----------+-----+-----------+
    |ap_NS_fsm                                 |  13|          3|    1|          3|
    |ap_enable_reg_pp0_iter1                   |   9|          2|    1|          2|
    |ap_phi_mux_i_06_phi_fu_110_p6             |  13|          3|    9|         27|
    |ap_phi_mux_icmp_ln1297_phi_fu_96_p6       |  13|          3|    1|          3|
    |ap_phi_mux_indvar_flatten1_phi_fu_138_p6  |  13|          3|   15|         45|
    |ap_phi_mux_j_02_phi_fu_124_p6             |  13|          3|    8|         24|
    |ap_phi_mux_p_0112_2_phi_fu_180_p4         |  13|          3|   11|         33|
    |ap_phi_mux_p_096_3_phi_fu_192_p4          |  13|          3|   11|         33|
    |ap_return                                 |   9|          2|    1|          2|
    |i_06_reg_106                              |   9|          2|    9|         18|
    |icmp_ln1297_reg_92                        |   9|          2|    1|          2|
    |indvar_flatten1_reg_134                   |   9|          2|   15|         30|
    |j_02_reg_120                              |   9|          2|    8|         16|
    |p_0112_13_reg_162                         |   9|          2|   11|         22|
    |p_096_14_reg_148                          |   9|          2|   11|         22|
    +------------------------------------------+----+-----------+-----+-----------+
    |Total                                     | 163|         37|  113|        282|
    +------------------------------------------+----+-----------+-----+-----------+

    * Register: 
    +-------------------------+----+----+-----+-----------+
    |           Name          | FF | LUT| Bits| Const Bits|
    +-------------------------+----+----+-----+-----------+
    |add_ln127_reg_397        |  15|   0|   15|          0|
    |ap_CS_fsm                |   2|   0|    2|          0|
    |ap_enable_reg_pp0_iter1  |   1|   0|    1|          0|
    |ap_return_preg           |   1|   0|    1|          0|
    |i_06_reg_106             |   9|   0|    9|          0|
    |i_reg_402                |   9|   0|    9|          0|
    |icmp_ln127_reg_412       |   1|   0|    1|          0|
    |icmp_ln1297_reg_92       |   1|   0|    1|          0|
    |icmp_ln129_reg_407       |   1|   0|    1|          0|
    |icmp_ln132_reg_393       |   1|   0|    1|          0|
    |indvar_flatten1_reg_134  |  15|   0|   15|          0|
    |j_02_reg_120             |   8|   0|    8|          0|
    |p_0112_13_reg_162        |  11|   0|   11|          0|
    |p_096_14_reg_148         |  11|   0|   11|          0|
    |select_ln127_reg_378     |   8|   0|    8|          0|
    +-------------------------+----+----+-----+-----------+
    |Total                    |  94|   0|   94|          0|
    +-------------------------+----+----+-----+-----------+



================================================================
== Interface
================================================================
* Summary: 
+------------+-----+-----+------------+---------------+--------------+
|  RTL Ports | Dir | Bits|  Protocol  | Source Object |    C Type    |
+------------+-----+-----+------------+---------------+--------------+
|ap_clk      |  in |    1| ap_ctrl_hs | check_formula | return value |
|ap_rst      |  in |    1| ap_ctrl_hs | check_formula | return value |
|ap_start    |  in |    1| ap_ctrl_hs | check_formula | return value |
|ap_done     | out |    1| ap_ctrl_hs | check_formula | return value |
|ap_idle     | out |    1| ap_ctrl_hs | check_formula | return value |
|ap_ready    | out |    1| ap_ctrl_hs | check_formula | return value |
|ap_return   | out |    1| ap_ctrl_hs | check_formula | return value |
|c_address0  | out |    8|  ap_memory |       c       |     array    |
|c_ce0       | out |    1|  ap_memory |       c       |     array    |
|c_q0        |  in |    1|  ap_memory |       c       |     array    |
|H_address0  | out |   15|  ap_memory |       H       |     array    |
|H_ce0       | out |    1|  ap_memory |       H       |     array    |
|H_q0        |  in |    1|  ap_memory |       H       |     array    |
+------------+-----+-----+------------+---------------+--------------+

