

================================================================
== Vivado HLS Report for 'decode'
================================================================
* Date:           Wed May  4 10:33:00 2022

* Version:        2020.1 (Build 2897737 on Wed May 27 20:21:37 MDT 2020)
* Project:        MS_decode_256_128
* Solution:       s5_update_resource_dependence
* Product family: kintex7
* Target device:  xc7k325t-ffg900-2


================================================================
== Performance Estimates
================================================================
+ Timing: 
    * Summary: 
    +--------+----------+----------+------------+
    |  Clock |  Target  | Estimated| Uncertainty|
    +--------+----------+----------+------------+
    |ap_clk  | 10.00 ns | 8.550 ns |   1.25 ns  |
    +--------+----------+----------+------------+

+ Latency: 
    * Summary: 
    +---------+----------+-----------+-----------+---------+----------+---------+
    |  Latency (cycles)  |   Latency (absolute)  |      Interval      | Pipeline|
    |   min   |    max   |    min    |    max    |   min   |    max   |   Type  |
    +---------+----------+-----------+-----------+---------+----------+---------+
    |  8717577|  43489330| 87.176 ms | 0.435 sec |  8717577|  43489330|   none  |
    +---------+----------+-----------+-----------+---------+----------+---------+

    + Detail: 
        * Instance: 
        +---------------------------------+----------------------+---------+---------+----------+----------+-------+-------+---------------------------------------------+
        |                                 |                      |  Latency (cycles) |  Latency (absolute) |    Interval   |                   Pipeline                  |
        |             Instance            |        Module        |   min   |   max   |    min   |    max   |  min  |  max  |                     Type                    |
        +---------------------------------+----------------------+---------+---------+----------+----------+-------+-------+---------------------------------------------+
        |grp_check_note_update_fu_261     |check_note_update     |    66816|    66816| 0.668 ms | 0.668 ms |  66816|  66816|                     none                    |
        |grp_variable_note_pos_fu_274     |variable_note_pos     |    32768|    32769| 0.328 ms | 0.328 ms |  32768|  32768| loop rewind(delay=0 initiation interval(s)) |
        |grp_check_formula_fu_285         |check_formula         |    32768|    32769| 0.328 ms | 0.328 ms |  32768|  32768| loop rewind(delay=0 initiation interval(s)) |
        |grp_variable_note_update_fu_292  |variable_note_update  |      256|      257| 2.560 us | 2.570 us |    256|    256| loop rewind(delay=0 initiation interval(s)) |
        |grp_panjue_fu_302                |panjue                |      256|      257| 2.560 us | 2.570 us |    256|    256| loop rewind(delay=0 initiation interval(s)) |
        +---------------------------------+----------------------+---------+---------+----------+----------+-------+-------+---------------------------------------------+

        * Loop: 
        +-------------------+---------+----------+-------------------+-----------+-----------+-------+----------+
        |                   |  Latency (cycles)  |     Iteration     |  Initiation Interval  |  Trip |          |
        |     Loop Name     |   min   |    max   |      Latency      |  achieved |   target  | Count | Pipelined|
        +-------------------+---------+----------+-------------------+-----------+-----------+-------+----------+
        |- memcpy_H         |    65663|     65663|                513|          -|          -|    128|    no    |
        | + memcpy_H        |      511|       511|                  2|          -|          -|    256|    no    |
        |- LOOP_initialize  |      256|       256|                  2|          1|          1|    256|    yes   |
        |- LOOP_diedai      |  8651654|  43423406| 8651654 ~ 8684681 |          -|          -| 1 ~ 5 |    no    |
        | + LOOP_N_hang     |  8585856|   8618880|   67077 ~ 67335   |          -|          -|    128|    no    |
        |  ++ LOOP_r_copy   |      256|       256|                  2|          1|          1|    256|    yes   |
        +-------------------+---------+----------+-------------------+-----------+-----------+-------+----------+



================================================================
== Utilization Estimates
================================================================
* Summary: 
+-----------------+---------+-------+--------+--------+-----+
|       Name      | BRAM_18K| DSP48E|   FF   |   LUT  | URAM|
+-----------------+---------+-------+--------+--------+-----+
|DSP              |        -|      -|       -|       -|    -|
|Expression       |        -|      -|       0|     191|    -|
|FIFO             |        -|      -|       -|       -|    -|
|Instance         |        0|      0|     500|    1569|    -|
|Memory           |        4|      -|      56|    2652|    0|
|Multiplexer      |        -|      -|       -|     477|    -|
|Register         |        -|      -|     133|       -|    -|
+-----------------+---------+-------+--------+--------+-----+
|Total            |        4|      0|     689|    4889|    0|
+-----------------+---------+-------+--------+--------+-----+
|Available        |      890|    840|  407600|  203800|    0|
+-----------------+---------+-------+--------+--------+-----+
|Utilization (%)  |    ~0   |      0|   ~0   |       2|    0|
+-----------------+---------+-------+--------+--------+-----+

+ Detail: 
    * Instance: 
    +---------------------------------+----------------------+---------+-------+-----+-----+-----+
    |             Instance            |        Module        | BRAM_18K| DSP48E|  FF | LUT | URAM|
    +---------------------------------+----------------------+---------+-------+-----+-----+-----+
    |grp_check_formula_fu_285         |check_formula         |        0|      0|   94|  382|    0|
    |grp_check_note_update_fu_261     |check_note_update     |        0|      0|  244|  524|    0|
    |grp_panjue_fu_302                |panjue                |        0|      0|   28|   85|    0|
    |grp_variable_note_pos_fu_274     |variable_note_pos     |        0|      0|  106|  436|    0|
    |grp_variable_note_update_fu_292  |variable_note_update  |        0|      0|   28|  142|    0|
    +---------------------------------+----------------------+---------+-------+-----+-----+-----+
    |Total                            |                      |        0|      0|  500| 1569|    0|
    +---------------------------------+----------------------+---------+-------+-----+-----+-----+

    * DSP48E: 
    N/A

    * Memory: 
    +-----------------+----------------------+---------+----+------+-----+-------+-----+------+-------------+
    |      Memory     |        Module        | BRAM_18K| FF |  LUT | URAM| Words | Bits| Banks| W*Bits*Banks|
    +-----------------+----------------------+---------+----+------+-----+-------+-----+------+-------------+
    |H_U              |decode_H              |        2|   0|     0|    0|  32768|    1|     1|        32768|
    |decode_bool_H_U  |decode_decode_boobkb  |        2|   0|     0|    0|  32768|    1|     1|        32768|
    |qi_V_U           |decode_qi_V           |        0|  16|    32|    0|    256|    8|     1|         2048|
    |r_V_U            |decode_r_V            |        0|  10|  2560|    0|  32768|    5|     1|       163840|
    |r_copy_V_U       |decode_r_copy_V       |        0|  10|    20|    0|    256|    5|     1|         1280|
    |q_V_U            |decode_r_copy_V       |        0|  10|    20|    0|    256|    5|     1|         1280|
    |P_U              |variable_note_pos_P   |        0|  10|    20|    0|    256|    5|     1|         1280|
    +-----------------+----------------------+---------+----+------+-----+-------+-----+------+-------------+
    |Total            |                      |        4|  56|  2652|    0|  99328|   30|     7|       235264|
    +-----------------+----------------------+---------+----+------+-----+-------+-----+------+-------------+

    * FIFO: 
    N/A

    * Expression: 
    +---------------------------------+----------+-------+---+----+------------+------------+
    |          Variable Name          | Operation| DSP48E| FF| LUT| Bitwidth P0| Bitwidth P1|
    +---------------------------------+----------+-------+---+----+------------+------------+
    |add_ln173_1_fu_316_p2            |     +    |      0|  0|  15|           8|           1|
    |add_ln173_fu_310_p2              |     +    |      0|  0|  15|           7|           1|
    |diedai_V_fu_377_p2               |     +    |      0|  0|  12|           3|           1|
    |i_1_fu_407_p2                    |     +    |      0|  0|  16|           9|           1|
    |i_fu_353_p2                      |     +    |      0|  0|  16|           9|           1|
    |j_fu_389_p2                      |     +    |      0|  0|  15|           8|           1|
    |ap_block_state9_on_subcall_done  |    and   |      0|  0|   2|           1|           1|
    |icmp_ln153_fu_383_p2             |   icmp   |      0|  0|  13|           8|           9|
    |icmp_ln155_fu_395_p2             |   icmp   |      0|  0|  11|           8|           1|
    |icmp_ln157_fu_401_p2             |   icmp   |      0|  0|  13|           9|          10|
    |icmp_ln173_1_fu_341_p2           |   icmp   |      0|  0|  11|           7|           2|
    |icmp_ln173_fu_335_p2             |   icmp   |      0|  0|  11|           8|           2|
    |icmp_ln185_fu_347_p2             |   icmp   |      0|  0|  13|           9|          10|
    |icmp_ln18_fu_364_p2              |   icmp   |      0|  0|  11|           5|           1|
    |icmp_ln887_fu_371_p2             |   icmp   |      0|  0|   9|           3|           3|
    |ap_enable_pp0                    |    xor   |      0|  0|   2|           1|           2|
    |ap_enable_pp1                    |    xor   |      0|  0|   2|           1|           2|
    |ap_enable_reg_pp0_iter1          |    xor   |      0|  0|   2|           2|           1|
    |ap_enable_reg_pp1_iter1          |    xor   |      0|  0|   2|           2|           1|
    +---------------------------------+----------+-------+---+----+------------+------------+
    |Total                            |          |      0|  0| 191|         108|          51|
    +---------------------------------+----------+-------+---+----+------------+------------+

    * Multiplexer: 
    +-------------------------+----+-----------+-----+-----------+
    |           Name          | LUT| Input Size| Bits| Total Bits|
    +-------------------------+----+-----------+-----+-----------+
    |H_address0               |  21|          5|   15|         75|
    |H_ce0                    |  21|          5|    1|          5|
    |H_ce1                    |   9|          2|    1|          2|
    |P_address0               |  13|          3|    8|         24|
    |ap_NS_fsm                |  89|         18|    1|         18|
    |ap_enable_reg_pp0_iter1  |  13|          3|    1|          3|
    |ap_enable_reg_pp1_iter1  |  13|          3|    1|          3|
    |c_address0               |  17|          4|    8|         32|
    |c_ce0                    |  17|          4|    1|          4|
    |c_d0                     |  13|          3|    1|          3|
    |c_we0                    |  13|          3|    1|          3|
    |i_0_i_reg_250            |   9|          2|    9|         18|
    |i_0_reg_216              |   9|          2|    9|         18|
    |j_0_i_reg_238            |   9|          2|    8|         16|
    |p_0557_0_reg_227         |   9|          2|    3|          6|
    |phi_ln173_1_reg_205      |   9|          2|    8|         16|
    |phi_ln173_reg_193        |   9|          2|    7|         14|
    |q_V_ce0                  |   9|          2|    1|          2|
    |q_V_ce1                  |   9|          2|    1|          2|
    |q_V_we1                  |   9|          2|    1|          2|
    |qi_V_address0            |  13|          3|    8|         24|
    |qi_V_ce0                 |  13|          3|    1|          3|
    |qi_V_ce1                 |   9|          2|    1|          2|
    |qi_V_we1                 |   9|          2|    1|          2|
    |r_V_address0             |  17|          4|   15|         60|
    |r_V_ce0                  |  17|          4|    1|          4|
    |r_V_ce1                  |   9|          2|    1|          2|
    |r_V_we1                  |   9|          2|    1|          2|
    |r_copy_V_address1        |  13|          3|    8|         24|
    |r_copy_V_ce0             |   9|          2|    1|          2|
    |r_copy_V_ce1             |  13|          3|    1|          3|
    |r_copy_V_d1              |  13|          3|    5|         15|
    |r_copy_V_we1             |  13|          3|    1|          3|
    +-------------------------+----+-----------+-----+-----------+
    |Total                    | 477|        107|  131|        412|
    +-------------------------+----+-----------+-----+-----------+

    * Register: 
    +----------------------------------------------+----+----+-----+-----------+
    |                     Name                     | FF | LUT| Bits| Const Bits|
    +----------------------------------------------+----+----+-----+-----------+
    |add_ln173_1_reg_423                           |   8|   0|    8|          0|
    |add_ln173_reg_418                             |   7|   0|    7|          0|
    |ap_CS_fsm                                     |  17|   0|   17|          0|
    |ap_enable_reg_pp0_iter0                       |   1|   0|    1|          0|
    |ap_enable_reg_pp0_iter1                       |   1|   0|    1|          0|
    |ap_enable_reg_pp1_iter0                       |   1|   0|    1|          0|
    |ap_enable_reg_pp1_iter1                       |   1|   0|    1|          0|
    |diedai_V_reg_469                              |   3|   0|    3|          0|
    |grp_check_formula_fu_285_ap_start_reg         |   1|   0|    1|          0|
    |grp_check_note_update_fu_261_ap_start_reg     |   1|   0|    1|          0|
    |grp_panjue_fu_302_ap_start_reg                |   1|   0|    1|          0|
    |grp_variable_note_pos_fu_274_ap_start_reg     |   1|   0|    1|          0|
    |grp_variable_note_update_fu_292_ap_start_reg  |   1|   0|    1|          0|
    |i_0_i_reg_250                                 |   9|   0|    9|          0|
    |i_0_reg_216                                   |   9|   0|    9|          0|
    |icmp_ln157_reg_490                            |   1|   0|    1|          0|
    |icmp_ln173_reg_438                            |   1|   0|    1|          0|
    |icmp_ln185_reg_446                            |   1|   0|    1|          0|
    |icmp_ln887_reg_465                            |   1|   0|    1|          0|
    |j_0_i_reg_238                                 |   8|   0|    8|          0|
    |j_reg_481                                     |   8|   0|    8|          0|
    |p_0557_0_reg_227                              |   3|   0|    3|          0|
    |phi_ln173_1_reg_205                           |   8|   0|    8|          0|
    |phi_ln173_reg_193                             |   7|   0|    7|          0|
    |zext_ln159_reg_499                            |   9|   0|   64|         55|
    |zext_ln173_reg_428                            |  15|   0|   64|         49|
    |zext_ln187_reg_455                            |   9|   0|   64|         55|
    +----------------------------------------------+----+----+-----+-----------+
    |Total                                         | 133|   0|  292|        159|
    +----------------------------------------------+----+----+-----+-----------+



================================================================
== Interface
================================================================
* Summary: 
+------------+-----+-----+------------+--------------+--------------+
|  RTL Ports | Dir | Bits|  Protocol  | Source Object|    C Type    |
+------------+-----+-----+------------+--------------+--------------+
|ap_clk      |  in |    1| ap_ctrl_hs |    decode    | return value |
|ap_rst      |  in |    1| ap_ctrl_hs |    decode    | return value |
|ap_start    |  in |    1| ap_ctrl_hs |    decode    | return value |
|ap_done     | out |    1| ap_ctrl_hs |    decode    | return value |
|ap_idle     | out |    1| ap_ctrl_hs |    decode    | return value |
|ap_ready    | out |    1| ap_ctrl_hs |    decode    | return value |
|c_address0  | out |    8|  ap_memory |       c      |     array    |
|c_ce0       | out |    1|  ap_memory |       c      |     array    |
|c_we0       | out |    1|  ap_memory |       c      |     array    |
|c_d0        | out |    1|  ap_memory |       c      |     array    |
|c_q0        |  in |    1|  ap_memory |       c      |     array    |
+------------+-----+-----+------------+--------------+--------------+

