

================================================================
== Vivado HLS Report for 'panjue'
================================================================
* Date:           Wed May  4 10:33:00 2022

* Version:        2020.1 (Build 2897737 on Wed May 27 20:21:37 MDT 2020)
* Project:        MS_decode_256_128
* Solution:       s5_update_resource_dependence
* Product family: kintex7
* Target device:  xc7k325t-ffg900-2


================================================================
== Performance Estimates
================================================================
+ Timing: 
    * Summary: 
    +--------+----------+----------+------------+
    |  Clock |  Target  | Estimated| Uncertainty|
    +--------+----------+----------+------------+
    |ap_clk  | 10.00 ns | 3.293 ns |   1.25 ns  |
    +--------+----------+----------+------------+

+ Latency: 
    * Summary: 
    +---------+---------+----------+----------+-----+-----+---------------------------------------------+
    |  Latency (cycles) |  Latency (absolute) |  Interval |                   Pipeline                  |
    |   min   |   max   |    min   |    max   | min | max |                     Type                    |
    +---------+---------+----------+----------+-----+-----+---------------------------------------------+
    |      256|      257| 2.560 us | 2.570 us |  256|  256| loop rewind(delay=0 initiation interval(s)) |
    +---------+---------+----------+----------+-----+-----+---------------------------------------------+

    + Detail: 
        * Instance: 
        N/A

        * Loop: 
        +---------------+---------+---------+----------+-----------+-----------+------+----------+
        |               |  Latency (cycles) | Iteration|  Initiation Interval  | Trip |          |
        |   Loop Name   |   min   |   max   |  Latency |  achieved |   target  | Count| Pipelined|
        +---------------+---------+---------+----------+-----------+-----------+------+----------+
        |- LOOP_panjue  |      256|      256|         2|          1|          1|   256|    yes   |
        +---------------+---------+---------+----------+-----------+-----------+------+----------+



================================================================
== Utilization Estimates
================================================================
* Summary: 
+-----------------+---------+-------+--------+--------+-----+
|       Name      | BRAM_18K| DSP48E|   FF   |   LUT  | URAM|
+-----------------+---------+-------+--------+--------+-----+
|DSP              |        -|      -|       -|       -|    -|
|Expression       |        -|      -|       0|      41|    -|
|FIFO             |        -|      -|       -|       -|    -|
|Instance         |        -|      -|       -|       -|    -|
|Memory           |        -|      -|       -|       -|    -|
|Multiplexer      |        -|      -|       -|      44|    -|
|Register         |        -|      -|      28|       -|    -|
+-----------------+---------+-------+--------+--------+-----+
|Total            |        0|      0|      28|      85|    0|
+-----------------+---------+-------+--------+--------+-----+
|Available        |      890|    840|  407600|  203800|    0|
+-----------------+---------+-------+--------+--------+-----+
|Utilization (%)  |        0|      0|   ~0   |   ~0   |    0|
+-----------------+---------+-------+--------+--------+-----+

+ Detail: 
    * Instance: 
    N/A

    * DSP48E: 
    N/A

    * Memory: 
    N/A

    * FIFO: 
    N/A

    * Expression: 
    +----------------------+----------+-------+---+----+------------+------------+
    |     Variable Name    | Operation| DSP48E| FF| LUT| Bitwidth P0| Bitwidth P1|
    +----------------------+----------+-------+---+----+------------+------------+
    |i_fu_103_p2           |     +    |      0|  0|  15|           8|           1|
    |ap_condition_83       |    and   |      0|  0|   2|           1|           1|
    |c_d0                  |   icmp   |      0|  0|  11|           8|           1|
    |icmp_ln100_fu_109_p2  |   icmp   |      0|  0|  11|           8|           2|
    |ap_enable_pp0         |    xor   |      0|  0|   2|           1|           2|
    +----------------------+----------+-------+---+----+------------+------------+
    |Total                 |          |      0|  0|  41|          26|           7|
    +----------------------+----------+-------+---+----+------------+------------+

    * Multiplexer: 
    +------------------------------+----+-----------+-----+-----------+
    |             Name             | LUT| Input Size| Bits| Total Bits|
    +------------------------------+----+-----------+-----+-----------+
    |ap_NS_fsm                     |  13|          3|    1|          3|
    |ap_enable_reg_pp0_iter1       |   9|          2|    1|          2|
    |ap_phi_mux_i_01_phi_fu_88_p6  |  13|          3|    8|         24|
    |i_01_reg_84                   |   9|          2|    8|         16|
    +------------------------------+----+-----------+-----+-----------+
    |Total                         |  44|         10|   18|         45|
    +------------------------------+----+-----------+-----+-----------+

    * Register: 
    +-------------------------+---+----+-----+-----------+
    |           Name          | FF| LUT| Bits| Const Bits|
    +-------------------------+---+----+-----+-----------+
    |ap_CS_fsm                |  2|   0|    2|          0|
    |ap_enable_reg_pp0_iter1  |  1|   0|    1|          0|
    |i_01_reg_84              |  8|   0|    8|          0|
    |i_reg_134                |  8|   0|    8|          0|
    |icmp_ln100_reg_139       |  1|   0|    1|          0|
    |zext_ln102_reg_124       |  8|   0|   64|         56|
    +-------------------------+---+----+-----+-----------+
    |Total                    | 28|   0|   84|         56|
    +-------------------------+---+----+-----+-----------+



================================================================
== Interface
================================================================
* Summary: 
+---------------+-----+-----+------------+--------------+--------------+
|   RTL Ports   | Dir | Bits|  Protocol  | Source Object|    C Type    |
+---------------+-----+-----+------------+--------------+--------------+
|ap_clk         |  in |    1| ap_ctrl_hs |    panjue    | return value |
|ap_rst         |  in |    1| ap_ctrl_hs |    panjue    | return value |
|ap_start       |  in |    1| ap_ctrl_hs |    panjue    | return value |
|ap_done        | out |    1| ap_ctrl_hs |    panjue    | return value |
|ap_idle        | out |    1| ap_ctrl_hs |    panjue    | return value |
|ap_ready       | out |    1| ap_ctrl_hs |    panjue    | return value |
|c_address0     | out |    8|  ap_memory |       c      |     array    |
|c_ce0          | out |    1|  ap_memory |       c      |     array    |
|c_we0          | out |    1|  ap_memory |       c      |     array    |
|c_d0           | out |    1|  ap_memory |       c      |     array    |
|qi_V_address0  | out |    8|  ap_memory |     qi_V     |     array    |
|qi_V_ce0       | out |    1|  ap_memory |     qi_V     |     array    |
|qi_V_q0        |  in |    8|  ap_memory |     qi_V     |     array    |
+---------------+-----+-----+------------+--------------+--------------+

