

================================================================
== Vivado HLS Report for 'variable_note_update'
================================================================
* Date:           Wed May  4 10:32:59 2022

* Version:        2020.1 (Build 2897737 on Wed May 27 20:21:37 MDT 2020)
* Project:        MS_decode_256_128
* Solution:       s5_update_resource_dependence
* Product family: kintex7
* Target device:  xc7k325t-ffg900-2


================================================================
== Performance Estimates
================================================================
+ Timing: 
    * Summary: 
    +--------+----------+----------+------------+
    |  Clock |  Target  | Estimated| Uncertainty|
    +--------+----------+----------+------------+
    |ap_clk  | 10.00 ns | 6.118 ns |   1.25 ns  |
    +--------+----------+----------+------------+

+ Latency: 
    * Summary: 
    +---------+---------+----------+----------+-----+-----+---------------------------------------------+
    |  Latency (cycles) |  Latency (absolute) |  Interval |                   Pipeline                  |
    |   min   |   max   |    min   |    max   | min | max |                     Type                    |
    +---------+---------+----------+----------+-----+-----+---------------------------------------------+
    |      256|      257| 2.560 us | 2.570 us |  256|  256| loop rewind(delay=0 initiation interval(s)) |
    +---------+---------+----------+----------+-----+-----+---------------------------------------------+

    + Detail: 
        * Instance: 
        N/A

        * Loop: 
        +-------------------+---------+---------+----------+-----------+-----------+------+----------+
        |                   |  Latency (cycles) | Iteration|  Initiation Interval  | Trip |          |
        |     Loop Name     |   min   |   max   |  Latency |  achieved |   target  | Count| Pipelined|
        +-------------------+---------+---------+----------+-----------+-----------+------+----------+
        |- LOOP_v_update_1  |      256|      256|         2|          1|          1|   256|    yes   |
        +-------------------+---------+---------+----------+-----------+-----------+------+----------+



================================================================
== Utilization Estimates
================================================================
* Summary: 
+-----------------+---------+-------+--------+--------+-----+
|       Name      | BRAM_18K| DSP48E|   FF   |   LUT  | URAM|
+-----------------+---------+-------+--------+--------+-----+
|DSP              |        -|      -|       -|       -|    -|
|Expression       |        -|      -|       0|      98|    -|
|FIFO             |        -|      -|       -|       -|    -|
|Instance         |        -|      -|       -|       -|    -|
|Memory           |        -|      -|       -|       -|    -|
|Multiplexer      |        -|      -|       -|      44|    -|
|Register         |        -|      -|      28|       -|    -|
+-----------------+---------+-------+--------+--------+-----+
|Total            |        0|      0|      28|     142|    0|
+-----------------+---------+-------+--------+--------+-----+
|Available        |      890|    840|  407600|  203800|    0|
+-----------------+---------+-------+--------+--------+-----+
|Utilization (%)  |        0|      0|   ~0   |   ~0   |    0|
+-----------------+---------+-------+--------+--------+-----+

+ Detail: 
    * Instance: 
    N/A

    * DSP48E: 
    N/A

    * Memory: 
    N/A

    * FIFO: 
    N/A

    * Expression: 
    +------------------------+----------+-------+---+----+------------+------------+
    |      Variable Name     | Operation| DSP48E| FF| LUT| Bitwidth P0| Bitwidth P1|
    +------------------------+----------+-------+---+----+------------+------------+
    |i_fu_145_p2             |     +    |      0|  0|  15|           1|           8|
    |ret_V_fu_173_p2         |     -    |      0|  0|  16|           9|           9|
    |ap_condition_91         |    and   |      0|  0|   2|           1|           1|
    |overflow_fu_233_p2      |    and   |      0|  0|   2|           1|           1|
    |underflow_fu_257_p2     |    and   |      0|  0|   2|           1|           1|
    |icmp_ln114_fu_151_p2    |   icmp   |      0|  0|  11|           8|           2|
    |icmp_ln785_fu_215_p2    |   icmp   |      0|  0|   9|           3|           1|
    |icmp_ln786_fu_245_p2    |   icmp   |      0|  0|   9|           3|           2|
    |or_ln340_1_fu_275_p2    |    or    |      0|  0|   2|           1|           1|
    |or_ln340_fu_263_p2      |    or    |      0|  0|   2|           1|           1|
    |or_ln785_fu_221_p2      |    or    |      0|  0|   2|           1|           1|
    |or_ln786_fu_251_p2      |    or    |      0|  0|   2|           1|           1|
    |q_V_2_d1                |  select  |      0|  0|   5|           1|           5|
    |select_ln340_fu_281_p3  |  select  |      0|  0|   5|           1|           4|
    |select_ln388_fu_289_p3  |  select  |      0|  0|   6|           1|           6|
    |ap_enable_pp0           |    xor   |      0|  0|   2|           1|           2|
    |xor_ln340_fu_269_p2     |    xor   |      0|  0|   2|           1|           2|
    |xor_ln785_fu_227_p2     |    xor   |      0|  0|   2|           1|           2|
    |xor_ln786_fu_239_p2     |    xor   |      0|  0|   2|           1|           2|
    +------------------------+----------+-------+---+----+------------+------------+
    |Total                   |          |      0|  0|  98|          38|          52|
    +------------------------+----------+-------+---+----+------------+------------+

    * Multiplexer: 
    +-------------------------------+----+-----------+-----+-----------+
    |              Name             | LUT| Input Size| Bits| Total Bits|
    +-------------------------------+----+-----------+-----+-----------+
    |ap_NS_fsm                      |  13|          3|    1|          3|
    |ap_enable_reg_pp0_iter1        |   9|          2|    1|          2|
    |ap_phi_mux_i_01_phi_fu_129_p6  |  13|          3|    8|         24|
    |i_01_reg_125                   |   9|          2|    8|         16|
    +-------------------------------+----+-----------+-----+-----------+
    |Total                          |  44|         10|   18|         45|
    +-------------------------------+----+-----------+-----+-----------+

    * Register: 
    +-------------------------+---+----+-----+-----------+
    |           Name          | FF| LUT| Bits| Const Bits|
    +-------------------------+---+----+-----+-----------+
    |ap_CS_fsm                |  2|   0|    2|          0|
    |ap_enable_reg_pp0_iter1  |  1|   0|    1|          0|
    |i_01_reg_125             |  8|   0|    8|          0|
    |i_reg_323                |  8|   0|    8|          0|
    |icmp_ln114_reg_328       |  1|   0|    1|          0|
    |zext_ln116_reg_308       |  8|   0|   64|         56|
    +-------------------------+---+----+-----+-----------+
    |Total                    | 28|   0|   84|         56|
    +-------------------------+---+----+-----+-----------+



================================================================
== Interface
================================================================
* Summary: 
+---------------------+-----+-----+------------+----------------------+--------------+
|      RTL Ports      | Dir | Bits|  Protocol  |     Source Object    |    C Type    |
+---------------------+-----+-----+------------+----------------------+--------------+
|ap_clk               |  in |    1| ap_ctrl_hs | variable_note_update | return value |
|ap_rst               |  in |    1| ap_ctrl_hs | variable_note_update | return value |
|ap_start             |  in |    1| ap_ctrl_hs | variable_note_update | return value |
|ap_done              | out |    1| ap_ctrl_hs | variable_note_update | return value |
|ap_idle              | out |    1| ap_ctrl_hs | variable_note_update | return value |
|ap_ready             | out |    1| ap_ctrl_hs | variable_note_update | return value |
|r_copy_V_2_address0  | out |    8|  ap_memory |      r_copy_V_2      |     array    |
|r_copy_V_2_ce0       | out |    1|  ap_memory |      r_copy_V_2      |     array    |
|r_copy_V_2_q0        |  in |    5|  ap_memory |      r_copy_V_2      |     array    |
|q_V_2_address1       | out |    8|  ap_memory |         q_V_2        |     array    |
|q_V_2_ce1            | out |    1|  ap_memory |         q_V_2        |     array    |
|q_V_2_we1            | out |    1|  ap_memory |         q_V_2        |     array    |
|q_V_2_d1             | out |    5|  ap_memory |         q_V_2        |     array    |
|qi_V_2_address0      | out |    8|  ap_memory |        qi_V_2        |     array    |
|qi_V_2_ce0           | out |    1|  ap_memory |        qi_V_2        |     array    |
|qi_V_2_q0            |  in |    8|  ap_memory |        qi_V_2        |     array    |
+---------------------+-----+-----+------------+----------------------+--------------+

